[debug] [2021-12-19T21:23:47.420Z] ----------------------------------------------------------------------
[debug] [2021-12-19T21:23:47.425Z] Command:       /usr/bin/node /home/kali/Music/npm-global/bin/firebase init
[debug] [2021-12-19T21:23:47.426Z] CLI Version:   9.23.3
[debug] [2021-12-19T21:23:47.426Z] Platform:      linux
[debug] [2021-12-19T21:23:47.426Z] Node Version:  v12.22.7
[debug] [2021-12-19T21:23:47.427Z] Time:          Mon Dec 20 2021 02:23:47 GMT+0500 (Uzbekistan Standard Time)
[debug] [2021-12-19T21:23:47.427Z] ----------------------------------------------------------------------
[debug] 
[debug] [2021-12-19T21:23:47.439Z] > command requires scopes: ["email","openid","https://www.googleapis.com/auth/cloudplatformprojects.readonly","https://www.googleapis.com/auth/firebase","https://www.googleapis.com/auth/cloud-platform"]
[debug] [2021-12-19T21:23:47.439Z] > authorizing via signed-in user (ariscybertech@gmail.com)
[info] 
     ######## #### ########  ######## ########     ###     ######  ########
     ##        ##  ##     ## ##       ##     ##  ##   ##  ##       ##
     ######    ##  ########  ######   ########  #########  ######  ######
     ##        ##  ##    ##  ##       ##     ## ##     ##       ## ##
     ##       #### ##     ## ######## ########  ##     ##  ######  ########

You're about to initialize a Firebase project in this directory:

  /home/kali/Music/aristech

[info] 
=== Project Setup
[info] 
[info] First, let's associate this project directory with a Firebase project.
[info] You can create multiple project aliases by running firebase use --add, 
[info] but for now we'll just set up a default project.
[info] 
[debug] [2021-12-19T21:24:53.110Z] >>> [apiv2][query] GET https://firebase.googleapis.com/v1beta1/projects pageSize=100
[debug] [2021-12-19T21:24:53.798Z] <<< [apiv2][status] GET https://firebase.googleapis.com/v1beta1/projects 200
[debug] [2021-12-19T21:24:53.798Z] <<< [apiv2][body] GET https://firebase.googleapis.com/v1beta1/projects [omitted]
[info] i  Using project aristech-ee8aa (aristech) 
[info] 
=== Hosting Setup
[info] 
[info] Your public directory is the folder (relative to your project directory) that
[info] will contain Hosting assets to be uploaded with firebase deploy. If you
[info] have a build process for your assets, use your build's output directory.
[info] 
